2026-04-20 15:16:50,634 | INFO | 🚀 START UI TEST PIPELINE
2026-04-20 15:16:50,639 | INFO | Capturing UI...
2026-04-20 15:16:57,448 | INFO | Comparing UI...
2026-04-20 15:16:57,574 | INFO | UI Errors: 39
2026-04-20 15:16:57,574 | INFO | Extracting text from UI...
2026-04-20 15:16:57,911 | INFO | Generating test cases...
2026-04-20 15:18:18,571 | INFO | Saving to Excel...
2026-04-20 15:18:19,855 | INFO | DONE SUCCESSFULLY
2026-04-20 15:26:14,958 | INFO |  START UI TEST PIPELINE
2026-04-20 15:26:14,958 | INFO | Capturing UI...
2026-04-20 15:26:23,540 | INFO | Comparing UI...
2026-04-20 15:26:23,761 | ERROR | ERROR OCCURRED
Traceback (most recent call last):
  File "E:\DATN_PhamVanLam\runner.py", line 20, in <module>
    errors, diff = compare_and_highlight(
                   ~~~~~~~~~~~~~~~~~~~~~^
        "baseline/login.png",
        ^^^^^^^^^^^^^^^^^^^^^
        "screenshots/login.png"
        ^^^^^^^^^^^^^^^^^^^^^^^
    )
    ^
  File "E:\DATN_PhamVanLam\vision\compare_advanced.py", line 7, in compare_and_highlight
    img1 = cv2.resize(img1, (img2.shape[1], img2.shape[0]))
cv2.error: OpenCV(4.13.0) D:\a\opencv-python\opencv-python\opencv\modules\imgproc\src\resize.cpp:4208: error: (-215:Assertion failed) !ssize.empty() in function 'cv::resize'

2026-04-20 15:27:21,478 | INFO |  START UI TEST PIPELINE
2026-04-20 15:27:21,479 | INFO | Capturing UI...
2026-04-20 15:27:30,127 | INFO | Comparing UI...
2026-04-20 15:27:30,212 | INFO | UI Errors: 0
2026-04-20 15:27:30,212 | INFO | Extracting text from UI...
2026-04-20 15:27:31,170 | INFO | Generating test cases...
2026-04-20 15:28:59,692 | INFO | Saving to Excel...
2026-04-20 15:29:00,805 | INFO | DONE SUCCESSFULLY
2026-04-20 15:40:53,213 | INFO |  START UI TEST PIPELINE
2026-04-20 15:40:53,213 | INFO | Capturing UI...
2026-04-20 15:41:01,059 | INFO | Screenshot saved: screenshots/login_20260420_154058.png
2026-04-20 15:41:01,059 | INFO | Comparing UI...
2026-04-20 15:41:01,059 | ERROR | ERROR OCCURRED
Traceback (most recent call last):
  File "E:\DATN_PhamVanLam\runner.py", line 21, in <module>
    errors, diff = compare_and_highlight(
                   ~~~~~~~~~~~~~~~~~~~~~^
        "baseline/login.png",
        ^^^^^^^^^^^^^^^^^^^^^
        new_screenshot_path
        ^^^^^^^^^^^^^^^^^^^
    )
    ^
  File "E:\DATN_PhamVanLam\vision\compare_advanced.py", line 6, in compare_and_highlight
    timestamp = time.strftime("%Y%m%d_%H%M%S")
                ^^^^^^^^^^^^^
AttributeError: 'builtin_function_or_method' object has no attribute 'strftime'
2026-04-20 15:41:28,269 | INFO |  START UI TEST PIPELINE
2026-04-20 15:41:28,269 | INFO | Capturing UI...
2026-04-20 15:41:35,388 | INFO | Screenshot saved: screenshots/login_20260420_154132.png
2026-04-20 15:41:35,389 | INFO | Comparing UI...
2026-04-20 15:41:35,512 | INFO | UI Errors: 0
2026-04-20 15:41:35,512 | INFO | Extracting text from UI...
2026-04-20 15:41:36,439 | INFO | Generating test cases...
2026-04-20 15:42:52,707 | INFO | Saving to Excel...
2026-04-20 15:42:54,416 | INFO | DONE SUCCESSFULLY
2026-04-20 15:53:14,445 | INFO | START UI TEST PIPELINE
2026-04-20 15:53:21,999 | INFO | Screenshot: screenshots/login_20260420_155319.png
2026-04-20 15:53:22,208 | INFO | Errors: 0
2026-04-20 15:53:22,209 | INFO | Result: PASS
2026-04-20 15:55:51,307 | INFO | Report: reports/report.html
2026-04-20 15:55:51,307 | INFO | DONE
2026-04-20 16:48:53,971 | INFO | START UI TEST PIPELINE
2026-04-20 16:49:04,262 | INFO | Screenshot: screenshots/login_20260420_164901.png
2026-04-20 16:49:04,479 | INFO | Errors: 0
2026-04-20 16:49:04,479 | INFO | Result: PASS
2026-04-20 16:51:46,879 | INFO | Report: reports/report.html
2026-04-20 16:51:46,879 | INFO | DONE
2026-05-06 20:48:36,464 | INFO | START UI TEST PIPELINE
2026-05-06 20:49:12,243 | INFO | Screenshot: screenshots/login_20260506_204909.png
2026-05-06 20:49:12,880 | INFO | Errors: 0
2026-05-06 20:49:12,881 | INFO | Result: PASS
2026-05-06 20:51:51,094 | INFO | Report: reports/report.html
2026-05-06 20:51:51,094 | INFO | DONE
2026-05-06 21:30:51,382 | INFO | START UI TEST PIPELINE
2026-05-06 21:31:02,523 | INFO | Screenshot: screenshots/login_20260506_213100.png
2026-05-06 21:31:02,757 | INFO | Errors: 0
2026-05-06 21:31:02,757 | INFO | Result: PASS
2026-05-06 21:34:16,008 | INFO | Report: reports/report.html
2026-05-06 21:34:16,009 | INFO | DONE
2026-05-06 22:07:46,608 | INFO | 🚀 START REGISTER UI TEST
2026-05-06 22:07:46,609 | INFO | 📸 Capturing Register UI...
2026-05-06 22:07:46,992 | INFO | ====== WebDriver manager ======
2026-05-06 22:07:48,807 | INFO | Get LATEST chromedriver version for google-chrome
2026-05-06 22:07:55,479 | INFO | Get LATEST chromedriver version for google-chrome
2026-05-06 22:07:57,767 | INFO | There is no [win64] chromedriver "147.0.7727.117" for browser google-chrome "147.0.7727" in cache
2026-05-06 22:07:57,768 | INFO | Get LATEST chromedriver version for google-chrome
2026-05-06 22:08:02,642 | INFO | WebDriver version 147.0.7727.117 selected
2026-05-06 22:08:02,651 | INFO | Modern chrome version https://storage.googleapis.com/chrome-for-testing-public/147.0.7727.117/win32/chromedriver-win32.zip
2026-05-06 22:08:02,651 | INFO | About to download new driver from https://storage.googleapis.com/chrome-for-testing-public/147.0.7727.117/win32/chromedriver-win32.zip
2026-05-06 22:08:03,098 | INFO | Driver downloading response is 200
2026-05-06 22:08:05,754 | INFO | Get LATEST chromedriver version for google-chrome
2026-05-06 22:08:10,543 | INFO | Driver has been saved in cache [C:\Users\tuong\.wdm\drivers\chromedriver\win64\147.0.7727.117]
2026-05-06 22:08:24,759 | ERROR | ❌ Screenshot failed!
2026-05-07 14:53:28,549 | INFO |  START REGISTER UI TEST
2026-05-07 14:53:28,554 | INFO | 📸 Capturing Register UI...
2026-05-07 14:53:29,496 | INFO | ====== WebDriver manager ======
2026-05-07 14:53:30,675 | INFO | Get LATEST chromedriver version for google-chrome
2026-05-07 14:53:31,437 | INFO | Get LATEST chromedriver version for google-chrome
2026-05-07 14:53:31,993 | INFO | Get LATEST chromedriver version for google-chrome
2026-05-07 14:53:33,357 | INFO | WebDriver version 147.0.7727.117 selected
2026-05-07 14:53:33,365 | INFO | Modern chrome version https://storage.googleapis.com/chrome-for-testing-public/147.0.7727.117/win32/chromedriver-win32.zip
2026-05-07 14:53:33,365 | INFO | About to download new driver from https://storage.googleapis.com/chrome-for-testing-public/147.0.7727.117/win32/chromedriver-win32.zip
2026-05-07 14:53:33,867 | INFO | Driver downloading response is 200
2026-05-07 14:53:35,293 | INFO | Get LATEST chromedriver version for google-chrome
2026-05-07 14:53:36,034 | INFO | Driver has been saved in cache [C:\Users\tuong\.wdm\drivers\chromedriver\win64\147.0.7727.117]
2026-05-07 14:53:48,803 | ERROR |  Screenshot failed!
2026-05-07 14:57:52,367 | INFO |  START REGISTER UI TEST
2026-05-07 14:57:52,368 | INFO |  Capturing Register UI...
2026-05-07 14:57:52,447 | INFO | ====== WebDriver manager ======
2026-05-07 14:57:53,612 | INFO | Get LATEST chromedriver version for google-chrome
2026-05-07 14:57:54,198 | INFO | Get LATEST chromedriver version for google-chrome
2026-05-07 14:57:54,723 | INFO | Driver [C:\Users\tuong\.wdm\drivers\chromedriver\win64\147.0.7727.117\chromedriver-win32/chromedriver.exe] found in cache
2026-05-07 14:58:06,410 | ERROR |  Screenshot failed!
2026-05-07 14:59:31,676 | INFO |  START REGISTER UI TEST
2026-05-07 14:59:31,677 | INFO |  Capturing Register UI...
2026-05-07 14:59:31,762 | INFO | ====== WebDriver manager ======
2026-05-07 14:59:33,038 | INFO | Get LATEST chromedriver version for google-chrome
2026-05-07 14:59:33,621 | INFO | Get LATEST chromedriver version for google-chrome
2026-05-07 14:59:34,196 | INFO | Driver [C:\Users\tuong\.wdm\drivers\chromedriver\win64\147.0.7727.117\chromedriver-win32/chromedriver.exe] found in cache
2026-05-07 14:59:45,920 | ERROR |  Screenshot failed!
2026-05-07 15:01:56,246 | INFO |  START REGISTER UI TEST
2026-05-07 15:01:56,246 | INFO |  Capturing Register UI...
2026-05-07 15:01:56,328 | INFO | ====== WebDriver manager ======
2026-05-07 15:01:57,413 | INFO | Get LATEST chromedriver version for google-chrome
2026-05-07 15:01:57,986 | INFO | Get LATEST chromedriver version for google-chrome
2026-05-07 15:01:58,579 | INFO | Driver [C:\Users\tuong\.wdm\drivers\chromedriver\win64\147.0.7727.117\chromedriver-win32/chromedriver.exe] found in cache
2026-05-07 15:02:09,552 | ERROR |  Screenshot failed!
2026-05-07 15:19:44,318 | INFO | 🚀 START REGISTER UI TEST
2026-05-07 15:19:44,319 | INFO |  Capturing Register UI...
2026-05-07 15:19:44,401 | INFO | ====== WebDriver manager ======
2026-05-07 15:19:45,599 | INFO | Get LATEST chromedriver version for google-chrome
2026-05-07 15:19:46,168 | INFO | Get LATEST chromedriver version for google-chrome
2026-05-07 15:19:46,717 | INFO | Driver [C:\Users\tuong\.wdm\drivers\chromedriver\win64\147.0.7727.117\chromedriver-win32/chromedriver.exe] found in cache
2026-05-07 15:19:58,667 | ERROR |  Screenshot failed!
2026-05-07 15:22:09,468 | INFO |  START REGISTER UI TEST
2026-05-07 15:22:09,469 | INFO |  Capturing Register UI...
2026-05-07 15:22:09,548 | INFO | ====== WebDriver manager ======
2026-05-07 15:22:10,659 | INFO | Get LATEST chromedriver version for google-chrome
2026-05-07 15:22:11,227 | INFO | Get LATEST chromedriver version for google-chrome
2026-05-07 15:22:11,815 | INFO | Driver [C:\Users\tuong\.wdm\drivers\chromedriver\win64\147.0.7727.117\chromedriver-win32/chromedriver.exe] found in cache
2026-05-07 15:22:23,523 | ERROR |  Screenshot failed!
2026-05-07 15:25:23,920 | INFO | 🚀 START REGISTER UI TEST
2026-05-07 15:25:23,920 | INFO | 📸 Capturing UI...
2026-05-07 15:25:23,999 | INFO | ====== WebDriver manager ======
2026-05-07 15:25:25,125 | INFO | Get LATEST chromedriver version for google-chrome
2026-05-07 15:25:25,690 | INFO | Get LATEST chromedriver version for google-chrome
2026-05-07 15:25:26,405 | INFO | Driver [C:\Users\tuong\.wdm\drivers\chromedriver\win64\147.0.7727.117\chromedriver-win32/chromedriver.exe] found in cache
2026-05-07 15:25:38,238 | INFO | ✅ Captured 3 images
2026-05-07 15:25:38,277 | WARNING | ⚠️ Created baseline 0
2026-05-07 15:25:38,294 | WARNING | ⚠️ Created baseline 1
2026-05-07 15:25:38,306 | WARNING | ⚠️ Created baseline 2
2026-05-07 15:25:38,307 | INFO | 🧾 TOTAL ERRORS: 0
2026-05-07 15:27:36,267 | INFO | 🚀 START REGISTER UI TEST
2026-05-07 15:27:36,268 | INFO | 📸 Capturing UI...
2026-05-07 15:27:36,800 | INFO | ====== WebDriver manager ======
2026-05-07 15:27:38,601 | INFO | Get LATEST chromedriver version for google-chrome
2026-05-07 15:27:39,845 | INFO | Get LATEST chromedriver version for google-chrome
2026-05-07 15:27:40,621 | INFO | Driver [C:\Users\tuong\.wdm\drivers\chromedriver\win64\147.0.7727.117\chromedriver-win32/chromedriver.exe] found in cache
2026-05-07 15:27:55,527 | INFO | ✅ Captured 3 images
2026-05-07 15:27:55,873 | INFO | ➡️ Part 0 errors: 0
2026-05-07 15:27:55,990 | INFO | ➡️ Part 1 errors: 0
2026-05-07 15:27:56,102 | INFO | ➡️ Part 2 errors: 0
2026-05-07 15:27:56,102 | INFO | 🧾 TOTAL ERRORS: 0
2026-05-07 15:30:15,273 | INFO | 📁 Excel saved: reports/register/register_20260507_152523.xlsx
2026-05-07 15:32:01,080 | INFO | 📁 Excel saved: reports/register/register_20260507_152736.xlsx
2026-05-07 15:34:51,347 | INFO | 📄 Report saved: reports/register/report_20260507_152523.html
2026-05-07 15:34:51,347 | INFO | 🎉 DONE
2026-05-07 15:35:07,105 | INFO | 🚀 START REGISTER UI TEST
2026-05-07 15:35:07,106 | INFO | 📸 Capturing UI...
2026-05-07 15:35:07,235 | INFO | ====== WebDriver manager ======
2026-05-07 15:35:08,923 | INFO | Get LATEST chromedriver version for google-chrome
2026-05-07 15:35:09,617 | INFO | Get LATEST chromedriver version for google-chrome
2026-05-07 15:35:10,315 | INFO | Driver [C:\Users\tuong\.wdm\drivers\chromedriver\win64\147.0.7727.117\chromedriver-win32/chromedriver.exe] found in cache
2026-05-07 15:35:21,738 | INFO | ✅ Captured 3 images
2026-05-07 15:35:21,755 | WARNING | ⚠️ Created baseline 0
2026-05-07 15:35:21,868 | INFO | ➡️ Part 0 errors: 0
2026-05-07 15:35:21,880 | WARNING | ⚠️ Created baseline 1
2026-05-07 15:35:21,993 | INFO | ➡️ Part 1 errors: 0
2026-05-07 15:35:22,004 | WARNING | ⚠️ Created baseline 2
2026-05-07 15:35:22,116 | INFO | ➡️ Part 2 errors: 0
2026-05-07 15:35:22,116 | INFO | 🧾 TOTAL ERRORS: 0
2026-05-07 15:35:22,116 | INFO | 🔤 Extracting text...
2026-05-07 15:35:24,606 | INFO | 🤖 Generating test cases...
2026-05-07 15:35:41,449 | INFO | 📄 Report saved: reports/register/report_20260507_152736.html
2026-05-07 15:35:41,449 | INFO | 🎉 DONE
2026-05-07 15:39:12,490 | INFO | 📁 Excel saved: reports/register/register_20260507_153507.xlsx
2026-05-07 15:42:13,039 | INFO | 📄 Report saved: reports/register/report_20260507_153507.html
2026-05-07 15:42:13,039 | INFO | 🎉 DONE
2026-05-07 15:42:13,040 | INFO | 🚀 START REGISTER UI TEST
2026-05-07 15:42:13,040 | INFO | 📸 Capturing UI...
2026-05-07 15:42:13,040 | INFO | ====== WebDriver manager ======
2026-05-07 15:42:14,254 | INFO | Get LATEST chromedriver version for google-chrome
2026-05-07 15:42:14,847 | INFO | Get LATEST chromedriver version for google-chrome
2026-05-07 15:42:15,380 | INFO | Driver [C:\Users\tuong\.wdm\drivers\chromedriver\win64\147.0.7727.117\chromedriver-win32/chromedriver.exe] found in cache
2026-05-07 15:42:27,208 | INFO | ✅ Captured 3 images
2026-05-07 15:42:27,286 | INFO | ➡️ Part 0 errors: 0
2026-05-07 15:42:27,367 | INFO | ➡️ Part 1 errors: 0
2026-05-07 15:42:27,452 | INFO | ➡️ Part 2 errors: 0
2026-05-07 15:42:27,452 | INFO | 🧾 TOTAL ERRORS: 0
2026-05-07 15:42:27,452 | INFO | 🔤 Extracting text...
2026-05-07 15:42:29,001 | INFO | 🤖 Generating test cases...
2026-05-07 15:49:50,627 | INFO | 📁 Excel saved: reports/register/register_20260507_154213.xlsx
2026-05-07 15:52:21,077 | INFO | 📄 Report saved: reports/register/report_20260507_154213.html
2026-05-07 15:52:21,077 | INFO | 🎉 DONE
